<?xml version="1.0" encoding="UTF-8"?>
<!-- Generated by org.testng.reporters.JUnitXMLReporter -->
<testsuite hostname="INA039004LL" ignored="1" name="Default test(failed)" tests="1" failures="1" timestamp="05 Sep 2018 06:45:05 GMT" time="49.911" errors="0">
  <testcase name="commonTest" time="8.499" classname="dia.masters.general.CommonTest">
    <failure type="org.junit.ComparisonFailure" message="expected:&amp;lt;C[ommon]&amp;gt; but was:&amp;lt;C[OMMON]&amp;gt;">
      <![CDATA[org.junit.ComparisonFailure: expected:<C[ommon]> but was:<C[OMMON]>
at org.junit.Assert.assertEquals(Assert.java:125)
at org.junit.Assert.assertEquals(Assert.java:147)
at dia.masters.general.CommonTest.commonTest(CommonTest.java:26)
... Removed 25 stack frames]]>
    </failure>
  </testcase> <!-- commonTest -->
  <testcase name="loginValidCredentialsTest" time="0.0" classname="nmbr.diamond.DiamondTest">
    <ignored/>
  </testcase> <!-- loginValidCredentialsTest -->
</testsuite> <!-- Default test(failed) -->
