<?xml version="1.0" encoding="UTF-8"?>
<!-- Generated by org.testng.reporters.JUnitXMLReporter -->
<testsuite hostname="DESKTOP-0P22N8N" ignored="4" name="DiaTest" tests="4" failures="0" timestamp="23 Nov 2018 07:00:04 GMT" time="21.824" errors="0">
  <testcase name="loginInvalidCredentialsTest" time="3.978" classname="nmbr.diamond.DiamondLoginTest"/>
  <testcase name="loginValidCredentialsTest" time="0.554" classname="nmbr.diamond.DiamondLoginTest"/>
  <testcase name="geoLocTest" time="9.007" classname="dia.masters.general.GeoLocTest"/>
  <testcase name="commonTest" time="6.921" classname="dia.masters.general.CommonTest"/>
  <testcase name="@AfterTest closeDriver" time="0.0" classname="nmbr.diamond.DiamondLaunchTest">
    <ignored/>
  </testcase> <!-- @AfterTest closeDriver -->
  <testcase name="@AfterTest closeDriver" time="0.0" classname="nmbr.diamond.DiamondLaunchTest">
    <ignored/>
  </testcase> <!-- @AfterTest closeDriver -->
  <testcase name="@BeforeSuite launchDiamondApp" time="0.0" classname="nmbr.diamond.DiamondLaunchTest">
    <ignored/>
  </testcase> <!-- @BeforeSuite launchDiamondApp -->
  <testcase name="@BeforeSuite launchDiamondApp" time="0.0" classname="nmbr.diamond.DiamondLaunchTest">
    <ignored/>
  </testcase> <!-- @BeforeSuite launchDiamondApp -->
</testsuite> <!-- DiaTest -->
