<?xml version="1.0" encoding="UTF-8"?>
<!-- Generated by org.testng.reporters.JUnitXMLReporter -->
<testsuite hostname="DESKTOP-0P22N8N" ignored="4" name="Test" tests="3" failures="0" timestamp="23 Nov 2018 07:08:19 GMT" time="6.12" errors="0">
  <testcase name="loginInvalidCredentialsTest" time="4.028" classname="nmbr.diamond.DiamondLoginTest"/>
  <testcase name="loginValidCredentialsTest" time="0.601" classname="nmbr.diamond.DiamondLoginTest"/>
  <testcase name="f" time="0.001" classname="nmbr.diamond.DashboardTest"/>
  <testcase name="@AfterTest closeDriver" time="0.0" classname="nmbr.diamond.DiamondLaunchTest">
    <ignored/>
  </testcase> <!-- @AfterTest closeDriver -->
  <testcase name="@AfterTest closeDriver" time="0.0" classname="nmbr.diamond.DiamondLaunchTest">
    <ignored/>
  </testcase> <!-- @AfterTest closeDriver -->
  <testcase name="@BeforeSuite launchDiamondApp" time="0.0" classname="nmbr.diamond.DiamondLaunchTest">
    <ignored/>
  </testcase> <!-- @BeforeSuite launchDiamondApp -->
  <testcase name="@BeforeSuite launchDiamondApp" time="0.0" classname="nmbr.diamond.DiamondLaunchTest">
    <ignored/>
  </testcase> <!-- @BeforeSuite launchDiamondApp -->
</testsuite> <!-- Test -->
