<?xml version="1.0" encoding="UTF-8"?>
<!-- Generated by org.testng.reporters.JUnitXMLReporter -->
<testsuite hostname="DESKTOP-0P22N8N" ignored="2" name="Test" tests="9" failures="0" timestamp="03 Dec 2018 09:44:08 GMT" time="109.92" errors="0">
  <testcase name="loginInvalidCredentialsTest" time="5.644" classname="nmbr.diamond.DiamondLoginTest"/>
  <testcase name="loginValidCredentialsTest" time="0.847" classname="nmbr.diamond.DiamondLoginTest"/>
  <testcase name="geoLocTest" time="9.03" classname="dia.masters.general.GeoLocTest"/>
  <testcase name="addGeoLocTest" time="4.666" classname="dia.masters.general.GeoLocTest"/>
  <testcase name="addZoneTest" time="0.107" classname="dia.masters.general.GeoLocTest"/>
  <testcase name="verifyAddZoneWithEmptyFieldsTest" time="41.235" classname="dia.masters.general.GeoLocTest"/>
  <testcase name="verifyZoneFieldLengthsTest" time="44.048" classname="dia.masters.general.GeoLocTest"/>
  <testcase name="verifyAddZoneTest" time="3.287" classname="dia.masters.general.GeoLocTest"/>
  <testcase name="editZoneTest" time="0.961" classname="dia.masters.general.GeoLocTest"/>
  <testcase name="@AfterSuite closeDriver" time="0.0" classname="nmbr.diamond.DiamondLaunchTest">
    <ignored/>
  </testcase> <!-- @AfterSuite closeDriver -->
  <testcase name="@BeforeSuite launchDiamondApp" time="0.0" classname="nmbr.diamond.DiamondLaunchTest">
    <ignored/>
  </testcase> <!-- @BeforeSuite launchDiamondApp -->
</testsuite> <!-- Test -->
